<?xml version="1.0" encoding="UTF-8"?>
<testng-results skipped="0" failed="2" ignored="0" total="12" passed="10">
  <reporter-output>
  </reporter-output>
  <suite name="All Test Suite" duration-ms="198503" started-at="2022-02-04T08:50:01 EET" finished-at="2022-02-04T08:53:20 EET">
    <groups>
      <group name="regression">
        <method signature="CheckAttractionsPageSearch.CheckAttractionsPageSearch()[pri:0, instance:tests.CheckAttractionsPageSearch@7d373bcf]" name="CheckAttractionsPageSearch" class="tests.CheckAttractionsPageSearch"/>
        <method signature="CheckCarRentalCoronavirusPage.checkCarRentalCoronavirusPage()[pri:0, instance:tests.CheckCarRentalCoronavirusPage@6d6bc158]" name="checkCarRentalCoronavirusPage" class="tests.CheckCarRentalCoronavirusPage"/>
        <method signature="CheckForLanguageChange.checksForLanguageChanges()[pri:0, instance:tests.CheckForLanguageChange@54afd745]" name="checksForLanguageChanges" class="tests.CheckForLanguageChange"/>
        <method signature="CheckHelpCenterPage.checkQuestionMarkButtonOpensHelpCenter()[pri:0, instance:tests.CheckHelpCenterPage@677dbd89]" name="checkQuestionMarkButtonOpensHelpCenter" class="tests.CheckHelpCenterPage"/>
        <method signature="CheckRegistrationViaEmail.checkRegistrationViaEmail()[pri:0, instance:tests.CheckRegistrationViaEmail@263f04ca]" name="checkRegistrationViaEmail" class="tests.CheckRegistrationViaEmail"/>
        <method signature="CheckReturnToBasePage.checkReturnToBasePage()[pri:0, instance:tests.CheckReturnToBasePage@2ca47471]" name="checkReturnToBasePage" class="tests.CheckReturnToBasePage"/>
        <method signature="CheckStaysResultPage.checkFilterPriceLess2000()[pri:0, instance:tests.CheckStaysResultPage@51768776]" name="checkFilterPriceLess2000" class="tests.CheckStaysResultPage"/>
      </group> <!-- regression -->
      <group name="smoke">
        <method signature="CheckCurrencyChangeAttractionPage.CheckCurrencyChangeAttractionPage()[pri:0, instance:tests.CheckCurrencyChangeAttractionPage@5dda6f9]" name="CheckCurrencyChangeAttractionPage" class="tests.CheckCurrencyChangeAttractionPage"/>
        <method signature="CheckFlightsPage.checkFlightTicket()[pri:0, instance:tests.CheckFlightsPage@10027fc9]" name="checkFlightTicket" class="tests.CheckFlightsPage"/>
        <method signature="CheckLoginPage.checkValidDataLogIn(java.lang.String, java.lang.String)[pri:0, instance:tests.CheckLoginPage@fff25f1]" name="checkValidDataLogIn" class="tests.CheckLoginPage"/>
        <method signature="CheckPopularTour.checkPopularTour()[pri:0, instance:tests.CheckPopularTour@c00fff0]" name="checkPopularTour" class="tests.CheckPopularTour"/>
        <method signature="CheckStaysPage.checkChoosingStaysOnStaysPage()[pri:0, instance:tests.CheckStaysPage@5a021cb9]" name="checkChoosingStaysOnStaysPage" class="tests.CheckStaysPage"/>
      </group> <!-- smoke -->
    </groups>
    <test name="F:/Demo2/Demo2/SecondDemo" duration-ms="198503" started-at="2022-02-04T08:50:01 EET" finished-at="2022-02-04T08:53:20 EET">
      <class name="tests.CheckFlightsPage">
        <test-method status="PASS" signature="checkFlightTicket()[pri:0, instance:tests.CheckFlightsPage@10027fc9]" name="checkFlightTicket" duration-ms="17754" started-at="2022-02-04T08:50:51 EET" description="Check flight ticket from Kharkiv to Barcelona" finished-at="2022-02-04T08:51:09 EET">
          <reporter-output>
          </reporter-output>
        </test-method> <!-- checkFlightTicket -->
        <test-method status="PASS" signature="closeBrowser()[pri:0, instance:tests.CheckFlightsPage@10027fc9]" name="closeBrowser" is-config="true" duration-ms="881" started-at="2022-02-04T08:51:09 EET" description="Quit driver" finished-at="2022-02-04T08:51:10 EET">
          <reporter-output>
          </reporter-output>
        </test-method> <!-- closeBrowser -->
      </class> <!-- tests.CheckFlightsPage -->
      <class name="tests.CheckReturnToBasePage">
        <test-method status="PASS" signature="checkReturnToBasePage()[pri:0, instance:tests.CheckReturnToBasePage@2ca47471]" name="checkReturnToBasePage" duration-ms="14437" started-at="2022-02-04T08:52:21 EET" description="Check return to base page from car rentals and attractions page" finished-at="2022-02-04T08:52:35 EET">
          <reporter-output>
          </reporter-output>
        </test-method> <!-- checkReturnToBasePage -->
        <test-method status="PASS" signature="closeBrowser()[pri:0, instance:tests.CheckReturnToBasePage@2ca47471]" name="closeBrowser" is-config="true" duration-ms="885" started-at="2022-02-04T08:52:35 EET" description="Quit driver" finished-at="2022-02-04T08:52:36 EET">
          <reporter-output>
          </reporter-output>
        </test-method> <!-- closeBrowser -->
      </class> <!-- tests.CheckReturnToBasePage -->
      <class name="tests.CheckForLanguageChange">
        <test-method status="FAIL" signature="checksForLanguageChanges()[pri:0, instance:tests.CheckForLanguageChange@54afd745]" name="checksForLanguageChanges" duration-ms="28623" started-at="2022-02-04T08:51:10 EET" description="Check that all pages are in the same language" finished-at="2022-02-04T08:51:39 EET">
          <exception class="java.lang.AssertionError">
            <message>
              <![CDATA[The following asserts failed:
The wrong language is displayed on the page Flights expected [Compare and book flights with ease] but found [Порівнюйте і бронюйте перельоти з легкістю]]]>
            </message>
            <full-stacktrace>
              <![CDATA[java.lang.AssertionError: The following asserts failed:
The wrong language is displayed on the page Flights expected [Compare and book flights with ease] but found [Порівнюйте і бронюйте перельоти з легкістю]
at org.testng.asserts.SoftAssert.assertAll(SoftAssert.java:47)
at org.testng.asserts.SoftAssert.assertAll(SoftAssert.java:31)
at PageObject.FlightsPage.checkTitleCompareAndBookFlightsWithEaseInEng(FlightsPage.java:77)
at tests.CheckForLanguageChange.checksForLanguageChanges(CheckForLanguageChange.java:30)
at sun.reflect.NativeMethodAccessorImpl.invoke0(Native Method)
at sun.reflect.NativeMethodAccessorImpl.invoke(NativeMethodAccessorImpl.java:62)
at sun.reflect.DelegatingMethodAccessorImpl.invoke(DelegatingMethodAccessorImpl.java:43)
at java.lang.reflect.Method.invoke(Method.java:498)
at org.testng.internal.MethodInvocationHelper.invokeMethod(MethodInvocationHelper.java:134)
at org.testng.internal.TestInvoker.invokeMethod(TestInvoker.java:597)
at org.testng.internal.TestInvoker.invokeTestMethod(TestInvoker.java:173)
at org.testng.internal.MethodRunner.runInSequence(MethodRunner.java:46)
at org.testng.internal.TestInvoker$MethodInvocationAgent.invoke(TestInvoker.java:816)
at org.testng.internal.TestInvoker.invokeTestMethods(TestInvoker.java:146)
at org.testng.internal.TestMethodWorker.invokeTestMethods(TestMethodWorker.java:146)
at org.testng.internal.TestMethodWorker.run(TestMethodWorker.java:128)
at java.util.ArrayList.forEach(ArrayList.java:1259)
at org.testng.TestRunner.privateRun(TestRunner.java:766)
at org.testng.TestRunner.run(TestRunner.java:587)
at org.testng.SuiteRunner.runTest(SuiteRunner.java:384)
at org.testng.SuiteRunner.runSequentially(SuiteRunner.java:378)
at org.testng.SuiteRunner.privateRun(SuiteRunner.java:337)
at org.testng.SuiteRunner.run(SuiteRunner.java:286)
at org.testng.SuiteRunnerWorker.runSuite(SuiteRunnerWorker.java:53)
at org.testng.SuiteRunnerWorker.run(SuiteRunnerWorker.java:96)
at org.testng.TestNG.runSuitesSequentially(TestNG.java:1187)
at org.testng.TestNG.runSuitesLocally(TestNG.java:1109)
at org.testng.TestNG.runSuites(TestNG.java:1039)
at org.testng.TestNG.run(TestNG.java:1007)
at org.apache.maven.surefire.testng.TestNGExecutor.run(TestNGExecutor.java:284)
at org.apache.maven.surefire.testng.TestNGXmlTestSuite.execute(TestNGXmlTestSuite.java:75)
at org.apache.maven.surefire.testng.TestNGProvider.invoke(TestNGProvider.java:119)
at org.apache.maven.surefire.booter.ForkedBooter.runSuitesInProcess(ForkedBooter.java:428)
at org.apache.maven.surefire.booter.ForkedBooter.execute(ForkedBooter.java:162)
at org.apache.maven.surefire.booter.ForkedBooter.run(ForkedBooter.java:562)
at org.apache.maven.surefire.booter.ForkedBooter.main(ForkedBooter.java:548)
]]>
            </full-stacktrace>
          </exception> <!-- java.lang.AssertionError -->
          <reporter-output>
          </reporter-output>
        </test-method> <!-- checksForLanguageChanges -->
        <test-method status="PASS" signature="closeBrowser()[pri:0, instance:tests.CheckForLanguageChange@54afd745]" name="closeBrowser" is-config="true" duration-ms="818" started-at="2022-02-04T08:51:40 EET" description="Quit driver" finished-at="2022-02-04T08:51:40 EET">
          <reporter-output>
          </reporter-output>
        </test-method> <!-- closeBrowser -->
      </class> <!-- tests.CheckForLanguageChange -->
      <class name="tests.CheckStaysPage">
        <test-method status="PASS" signature="checkChoosingStaysOnStaysPage()[pri:0, instance:tests.CheckStaysPage@5a021cb9]" name="checkChoosingStaysOnStaysPage" duration-ms="13344" started-at="2022-02-04T08:52:36 EET" description="Check the possibility of choosing stays" finished-at="2022-02-04T08:52:49 EET">
          <reporter-output>
          </reporter-output>
        </test-method> <!-- checkChoosingStaysOnStaysPage -->
        <test-method status="PASS" signature="closeBrowser()[pri:0, instance:tests.CheckStaysPage@5a021cb9]" name="closeBrowser" is-config="true" duration-ms="887" started-at="2022-02-04T08:52:49 EET" description="Quit driver" finished-at="2022-02-04T08:52:50 EET">
          <reporter-output>
          </reporter-output>
        </test-method> <!-- closeBrowser -->
      </class> <!-- tests.CheckStaysPage -->
      <class name="tests.CheckCarRentalCoronavirusPage">
        <test-method status="PASS" signature="checkCarRentalCoronavirusPage()[pri:0, instance:tests.CheckCarRentalCoronavirusPage@6d6bc158]" name="checkCarRentalCoronavirusPage" duration-ms="11178" started-at="2022-02-04T08:50:20 EET" finished-at="2022-02-04T08:50:31 EET">
          <reporter-output>
          </reporter-output>
        </test-method> <!-- checkCarRentalCoronavirusPage -->
        <test-method status="PASS" signature="closeBrowser()[pri:0, instance:tests.CheckCarRentalCoronavirusPage@6d6bc158]" name="closeBrowser" is-config="true" duration-ms="865" started-at="2022-02-04T08:50:31 EET" description="Quit driver" finished-at="2022-02-04T08:50:32 EET">
          <reporter-output>
          </reporter-output>
        </test-method> <!-- closeBrowser -->
      </class> <!-- tests.CheckCarRentalCoronavirusPage -->
      <class name="tests.CheckLoginPage">
        <test-method status="FAIL" signature="checkValidDataLogIn(java.lang.String, java.lang.String)[pri:0, instance:tests.CheckLoginPage@fff25f1]" name="checkValidDataLogIn" duration-ms="7045" started-at="2022-02-04T08:51:48 EET" description="Check that user can log in with valid data" data-provider="validDataForLogIn" finished-at="2022-02-04T08:51:55 EET">
          <params>
            <param index="0">
              <value>
                <![CDATA[anneta792@gmail.com]]>
              </value>
            </param>
            <param index="1">
              <value>
                <![CDATA[Kozyreva89]]>
              </value>
            </param>
          </params>
          <exception class="java.lang.AssertionError">
            <message>
              <![CDATA[The wrong title is displayed on the Password Page! expected [Введите пароль] but found [Войдите или создайте аккаунт]]]>
            </message>
            <full-stacktrace>
              <![CDATA[java.lang.AssertionError: The wrong title is displayed on the Password Page! expected [Введите пароль] but found [Войдите или создайте аккаунт]
at org.testng.Assert.fail(Assert.java:97)
at org.testng.Assert.assertEqualsImpl(Assert.java:136)
at org.testng.Assert.assertEquals(Assert.java:118)
at org.testng.Assert.assertEquals(Assert.java:575)
at PageObject.LoginPage.checkPasswordPageIsDisplayed(LoginPage.java:88)
at tests.CheckLoginPage.checkValidDataLogIn(CheckLoginPage.java:30)
at sun.reflect.NativeMethodAccessorImpl.invoke0(Native Method)
at sun.reflect.NativeMethodAccessorImpl.invoke(NativeMethodAccessorImpl.java:62)
at sun.reflect.DelegatingMethodAccessorImpl.invoke(DelegatingMethodAccessorImpl.java:43)
at java.lang.reflect.Method.invoke(Method.java:498)
at org.testng.internal.MethodInvocationHelper.invokeMethod(MethodInvocationHelper.java:134)
at org.testng.internal.TestInvoker.invokeMethod(TestInvoker.java:597)
at org.testng.internal.TestInvoker.invokeTestMethod(TestInvoker.java:173)
at org.testng.internal.MethodRunner.runInSequence(MethodRunner.java:46)
at org.testng.internal.TestInvoker$MethodInvocationAgent.invoke(TestInvoker.java:816)
at org.testng.internal.TestInvoker.invokeTestMethods(TestInvoker.java:146)
at org.testng.internal.TestMethodWorker.invokeTestMethods(TestMethodWorker.java:146)
at org.testng.internal.TestMethodWorker.run(TestMethodWorker.java:128)
at java.util.ArrayList.forEach(ArrayList.java:1259)
at org.testng.TestRunner.privateRun(TestRunner.java:766)
at org.testng.TestRunner.run(TestRunner.java:587)
at org.testng.SuiteRunner.runTest(SuiteRunner.java:384)
at org.testng.SuiteRunner.runSequentially(SuiteRunner.java:378)
at org.testng.SuiteRunner.privateRun(SuiteRunner.java:337)
at org.testng.SuiteRunner.run(SuiteRunner.java:286)
at org.testng.SuiteRunnerWorker.runSuite(SuiteRunnerWorker.java:53)
at org.testng.SuiteRunnerWorker.run(SuiteRunnerWorker.java:96)
at org.testng.TestNG.runSuitesSequentially(TestNG.java:1187)
at org.testng.TestNG.runSuitesLocally(TestNG.java:1109)
at org.testng.TestNG.runSuites(TestNG.java:1039)
at org.testng.TestNG.run(TestNG.java:1007)
at org.apache.maven.surefire.testng.TestNGExecutor.run(TestNGExecutor.java:284)
at org.apache.maven.surefire.testng.TestNGXmlTestSuite.execute(TestNGXmlTestSuite.java:75)
at org.apache.maven.surefire.testng.TestNGProvider.invoke(TestNGProvider.java:119)
at org.apache.maven.surefire.booter.ForkedBooter.runSuitesInProcess(ForkedBooter.java:428)
at org.apache.maven.surefire.booter.ForkedBooter.execute(ForkedBooter.java:162)
at org.apache.maven.surefire.booter.ForkedBooter.run(ForkedBooter.java:562)
at org.apache.maven.surefire.booter.ForkedBooter.main(ForkedBooter.java:548)
]]>
            </full-stacktrace>
          </exception> <!-- java.lang.AssertionError -->
          <reporter-output>
          </reporter-output>
        </test-method> <!-- checkValidDataLogIn -->
        <test-method status="PASS" signature="closeBrowser()[pri:0, instance:tests.CheckLoginPage@fff25f1]" name="closeBrowser" is-config="true" duration-ms="746" started-at="2022-02-04T08:51:55 EET" description="Quit driver" finished-at="2022-02-04T08:51:56 EET">
          <reporter-output>
          </reporter-output>
        </test-method> <!-- closeBrowser -->
      </class> <!-- tests.CheckLoginPage -->
      <class name="tests.CheckPopularTour">
        <test-method status="PASS" signature="checkPopularTour()[pri:0, instance:tests.CheckPopularTour@c00fff0]" name="checkPopularTour" duration-ms="15586" started-at="2022-02-04T08:51:56 EET" description="Check popular tour" finished-at="2022-02-04T08:52:11 EET">
          <reporter-output>
          </reporter-output>
        </test-method> <!-- checkPopularTour -->
        <test-method status="PASS" signature="closeBrowser()[pri:0, instance:tests.CheckPopularTour@c00fff0]" name="closeBrowser" is-config="true" duration-ms="737" started-at="2022-02-04T08:52:11 EET" description="Quit driver" finished-at="2022-02-04T08:52:12 EET">
          <reporter-output>
          </reporter-output>
        </test-method> <!-- closeBrowser -->
      </class> <!-- tests.CheckPopularTour -->
      <class name="tests.CheckStaysResultPage">
        <test-method status="PASS" signature="checkFilterPriceLess2000()[pri:0, instance:tests.CheckStaysResultPage@51768776]" name="checkFilterPriceLess2000" duration-ms="28847" started-at="2022-02-04T08:52:50 EET" description="Check the filter &#039;Price is less than or equal to 2000&#039;" finished-at="2022-02-04T08:53:19 EET">
          <reporter-output>
          </reporter-output>
        </test-method> <!-- checkFilterPriceLess2000 -->
        <test-method status="PASS" signature="closeBrowser()[pri:0, instance:tests.CheckStaysResultPage@51768776]" name="closeBrowser" is-config="true" duration-ms="812" started-at="2022-02-04T08:53:19 EET" description="Quit driver" finished-at="2022-02-04T08:53:20 EET">
          <reporter-output>
          </reporter-output>
        </test-method> <!-- closeBrowser -->
      </class> <!-- tests.CheckStaysResultPage -->
      <class name="tests.CheckAttractionsPageSearch">
        <test-method status="PASS" signature="CheckAttractionsPageSearch()[pri:0, instance:tests.CheckAttractionsPageSearch@7d373bcf]" name="CheckAttractionsPageSearch" duration-ms="17120" started-at="2022-02-04T08:50:02 EET" description="Check the search results on the Attraction page" finished-at="2022-02-04T08:50:19 EET">
          <reporter-output>
          </reporter-output>
        </test-method> <!-- CheckAttractionsPageSearch -->
        <test-method status="PASS" signature="closeBrowser()[pri:0, instance:tests.CheckAttractionsPageSearch@7d373bcf]" name="closeBrowser" is-config="true" duration-ms="1056" started-at="2022-02-04T08:50:19 EET" description="Quit driver" finished-at="2022-02-04T08:50:20 EET">
          <reporter-output>
          </reporter-output>
        </test-method> <!-- closeBrowser -->
      </class> <!-- tests.CheckAttractionsPageSearch -->
      <class name="tests.CheckRegistrationViaEmail">
        <test-method status="PASS" signature="checkRegistrationViaEmail()[pri:0, instance:tests.CheckRegistrationViaEmail@263f04ca]" name="checkRegistrationViaEmail" duration-ms="7759" started-at="2022-02-04T08:52:12 EET" description="Check that User can do registration via Email" finished-at="2022-02-04T08:52:20 EET">
          <reporter-output>
          </reporter-output>
        </test-method> <!-- checkRegistrationViaEmail -->
        <test-method status="PASS" signature="closeBrowser()[pri:0, instance:tests.CheckRegistrationViaEmail@263f04ca]" name="closeBrowser" is-config="true" duration-ms="858" started-at="2022-02-04T08:52:20 EET" description="Quit driver" finished-at="2022-02-04T08:52:21 EET">
          <reporter-output>
          </reporter-output>
        </test-method> <!-- closeBrowser -->
      </class> <!-- tests.CheckRegistrationViaEmail -->
      <class name="tests.CheckCurrencyChangeAttractionPage">
        <test-method status="PASS" signature="CheckCurrencyChangeAttractionPage()[pri:0, instance:tests.CheckCurrencyChangeAttractionPage@5dda6f9]" name="CheckCurrencyChangeAttractionPage" duration-ms="18451" started-at="2022-02-04T08:50:32 EET" description="Check that the currency on the Attraction page has changed" finished-at="2022-02-04T08:50:51 EET">
          <reporter-output>
          </reporter-output>
        </test-method> <!-- CheckCurrencyChangeAttractionPage -->
        <test-method status="PASS" signature="closeBrowser()[pri:0, instance:tests.CheckCurrencyChangeAttractionPage@5dda6f9]" name="closeBrowser" is-config="true" duration-ms="837" started-at="2022-02-04T08:50:51 EET" description="Quit driver" finished-at="2022-02-04T08:50:51 EET">
          <reporter-output>
          </reporter-output>
        </test-method> <!-- closeBrowser -->
      </class> <!-- tests.CheckCurrencyChangeAttractionPage -->
      <class name="tests.CheckHelpCenterPage">
        <test-method status="PASS" signature="checkQuestionMarkButtonOpensHelpCenter()[pri:0, instance:tests.CheckHelpCenterPage@677dbd89]" name="checkQuestionMarkButtonOpensHelpCenter" duration-ms="6567" started-at="2022-02-04T08:51:40 EET" finished-at="2022-02-04T08:51:47 EET">
          <reporter-output>
          </reporter-output>
        </test-method> <!-- checkQuestionMarkButtonOpensHelpCenter -->
        <test-method status="PASS" signature="closeBrowser()[pri:0, instance:tests.CheckHelpCenterPage@677dbd89]" name="closeBrowser" is-config="true" duration-ms="852" started-at="2022-02-04T08:51:47 EET" description="Quit driver" finished-at="2022-02-04T08:51:48 EET">
          <reporter-output>
          </reporter-output>
        </test-method> <!-- closeBrowser -->
      </class> <!-- tests.CheckHelpCenterPage -->
    </test> <!-- F:/Demo2/Demo2/SecondDemo -->
  </suite> <!-- All Test Suite -->
</testng-results>
